<?xml version="1.0" encoding="UTF-8"?>
<testng-results ignored="0" total="3" passed="3" failed="0" skipped="0">
  <reporter-output>
  </reporter-output>
  <suite started-at="2023-08-10T07:50:28 UTC" name="Suite" finished-at="2023-08-10T07:50:35 UTC" duration-ms="6832">
    <groups>
    </groups>
    <test started-at="2023-08-10T07:50:28 UTC" name="Test" finished-at="2023-08-10T07:50:35 UTC" duration-ms="6832">
      <class name="ai.iamneo.testing.Testing_Selenium_TestNg.AppTest">
        <test-method is-config="true" signature="beforeTest()[pri:0, instance:ai.iamneo.testing.Testing_Selenium_TestNg.AppTest@27ae2fd0]" started-at="2023-08-10T07:50:28 UTC" name="beforeTest" finished-at="2023-08-10T07:50:32 UTC" duration-ms="3686" status="PASS">
          <reporter-output>
          </reporter-output>
        </test-method> <!-- beforeTest -->
        <test-method signature="testcase_1()[pri:0, instance:ai.iamneo.testing.Testing_Selenium_TestNg.AppTest@27ae2fd0]" started-at="2023-08-10T07:50:32 UTC" name="testcase_1" finished-at="2023-08-10T07:50:34 UTC" duration-ms="1918" status="PASS">
          <reporter-output>
          </reporter-output>
        </test-method> <!-- testcase_1 -->
        <test-method signature="testcase_2()[pri:0, instance:ai.iamneo.testing.Testing_Selenium_TestNg.AppTest@27ae2fd0]" started-at="2023-08-10T07:50:34 UTC" name="testcase_2" finished-at="2023-08-10T07:50:34 UTC" duration-ms="753" status="PASS">
          <reporter-output>
          </reporter-output>
        </test-method> <!-- testcase_2 -->
        <test-method signature="testcase_3()[pri:0, instance:ai.iamneo.testing.Testing_Selenium_TestNg.AppTest@27ae2fd0]" started-at="2023-08-10T07:50:34 UTC" name="testcase_3" finished-at="2023-08-10T07:50:35 UTC" duration-ms="199" status="PASS">
          <reporter-output>
          </reporter-output>
        </test-method> <!-- testcase_3 -->
        <test-method is-config="true" signature="afterTest()[pri:0, instance:ai.iamneo.testing.Testing_Selenium_TestNg.AppTest@27ae2fd0]" started-at="2023-08-10T07:50:35 UTC" name="afterTest" finished-at="2023-08-10T07:50:35 UTC" duration-ms="245" status="PASS">
          <reporter-output>
          </reporter-output>
        </test-method> <!-- afterTest -->
      </class> <!-- ai.iamneo.testing.Testing_Selenium_TestNg.AppTest -->
    </test> <!-- Test -->
  </suite> <!-- Suite -->
</testng-results>
