<?xml version="1.0" encoding="UTF-8"?>
<!-- Generated by org.testng.reporters.JUnitXMLReporter -->
<testsuite ignored="0" hostname="dbaacdecbccfaabacdcbccdbcaaeaa-0" failures="0" tests="3" name="Test" time="6.832" errors="0" timestamp="2023-08-10T07:50:35 UTC">
  <testcase classname="ai.iamneo.testing.Testing_Selenium_TestNg.AppTest" name="testcase_1" time="1.918"/>
  <testcase classname="ai.iamneo.testing.Testing_Selenium_TestNg.AppTest" name="testcase_2" time="0.753"/>
  <testcase classname="ai.iamneo.testing.Testing_Selenium_TestNg.AppTest" name="testcase_3" time="0.199"/>
</testsuite> <!-- Test -->
